<!DOCTYPE html>
<html>
<head>
<meta http-equiv="Content-Type" content="text/html; charset=utf-8"/>
<meta http-equiv="x-ua-compatible" content="IE=edge"/>
<title>Test results - Class FitnessTrackerTest</title>
<link href="../css/base-style.css" rel="stylesheet" type="text/css"/>
<link href="../css/style.css" rel="stylesheet" type="text/css"/>
<script src="../js/report.js" type="text/javascript"></script>
</head>
<body>
<div id="content">
<h1>Class FitnessTrackerTest</h1>
<div class="breadcrumbs">
<a href="../index.html">all</a> &gt; 
<a href="../packages/default-package.html">default-package</a> &gt; FitnessTrackerTest</div>
<div id="summary">
<table>
<tr>
<td>
<div class="summaryGroup">
<table>
<tr>
<td>
<div class="infoBox" id="tests">
<div class="counter">1</div>
<p>tests</p>
</div>
</td>
<td>
<div class="infoBox" id="failures">
<div class="counter">1</div>
<p>failures</p>
</div>
</td>
<td>
<div class="infoBox" id="ignored">
<div class="counter">0</div>
<p>ignored</p>
</div>
</td>
<td>
<div class="infoBox" id="duration">
<div class="counter">13.075s</div>
<p>duration</p>
</div>
</td>
</tr>
</table>
</div>
</td>
<td>
<div class="infoBox failures" id="successRate">
<div class="percent">0%</div>
<p>successful</p>
</div>
</td>
</tr>
</table>
</div>
<div id="tabs">
<ul class="tabLinks">
<li>
<a href="#tab0">Failed tests</a>
</li>
<li>
<a href="#tab1">Tests</a>
</li>
<li>
<a href="#tab2">Standard output</a>
</li>
</ul>
<div id="tab0" class="tab">
<h2>Failed tests</h2>
<div class="test">
<a name="start"></a>
<h3 class="failures">start</h3>
<span class="code">
<pre>java.lang.AssertionError: Wrong answer in test #9

The JSON object should contain a key &quot;category&quot;

Full JSON:
{
  &quot;name&quot;: &quot;Demo App 1&quot;,
  &quot;apikey&quot;: &quot;i`36gY@+PkuI{gD&quot;
}
	at org.junit.Assert.fail(Assert.java:89)
	at org.hyperskill.hstest.stage.StageTest.start(StageTest.java:203)
	at java.base/jdk.internal.reflect.NativeMethodAccessorImpl.invoke0(Native Method)
	at java.base/jdk.internal.reflect.NativeMethodAccessorImpl.invoke(NativeMethodAccessorImpl.java:77)
	at java.base/jdk.internal.reflect.DelegatingMethodAccessorImpl.invoke(DelegatingMethodAccessorImpl.java:43)
	at java.base/java.lang.reflect.Method.invoke(Method.java:568)
	at org.junit.runners.model.FrameworkMethod$1.runReflectiveCall(FrameworkMethod.java:59)
	at org.junit.internal.runners.model.ReflectiveCallable.run(ReflectiveCallable.java:12)
	at org.junit.runners.model.FrameworkMethod.invokeExplosively(FrameworkMethod.java:56)
	at org.junit.internal.runners.statements.InvokeMethod.evaluate(InvokeMethod.java:17)
	at org.junit.internal.runners.statements.RunAfters.evaluate(RunAfters.java:27)
	at org.junit.runners.ParentRunner$3.evaluate(ParentRunner.java:306)
	at org.junit.runners.BlockJUnit4ClassRunner$1.evaluate(BlockJUnit4ClassRunner.java:100)
	at org.junit.runners.ParentRunner.runLeaf(ParentRunner.java:366)
	at org.junit.runners.BlockJUnit4ClassRunner.runChild(BlockJUnit4ClassRunner.java:103)
	at org.junit.runners.BlockJUnit4ClassRunner.runChild(BlockJUnit4ClassRunner.java:63)
	at org.junit.runners.ParentRunner$4.run(ParentRunner.java:331)
	at org.junit.runners.ParentRunner$1.schedule(ParentRunner.java:79)
	at org.junit.runners.ParentRunner.runChildren(ParentRunner.java:329)
	at org.junit.runners.ParentRunner.access$100(ParentRunner.java:66)
	at org.junit.runners.ParentRunner$2.evaluate(ParentRunner.java:293)
	at org.junit.runners.ParentRunner$3.evaluate(ParentRunner.java:306)
	at org.junit.runners.ParentRunner.run(ParentRunner.java:413)
	at org.gradle.api.internal.tasks.testing.junit.JUnitTestClassExecutor.runTestClass(JUnitTestClassExecutor.java:108)
	at org.gradle.api.internal.tasks.testing.junit.JUnitTestClassExecutor.execute(JUnitTestClassExecutor.java:57)
	at org.gradle.api.internal.tasks.testing.junit.JUnitTestClassExecutor.execute(JUnitTestClassExecutor.java:39)
	at org.gradle.api.internal.tasks.testing.junit.AbstractJUnitTestClassProcessor.processTestClass(AbstractJUnitTestClassProcessor.java:62)
	at org.gradle.api.internal.tasks.testing.SuiteTestClassProcessor.processTestClass(SuiteTestClassProcessor.java:52)
	at java.base/jdk.internal.reflect.NativeMethodAccessorImpl.invoke0(Native Method)
	at java.base/jdk.internal.reflect.NativeMethodAccessorImpl.invoke(NativeMethodAccessorImpl.java:77)
	at java.base/jdk.internal.reflect.DelegatingMethodAccessorImpl.invoke(DelegatingMethodAccessorImpl.java:43)
	at java.base/java.lang.reflect.Method.invoke(Method.java:568)
	at org.gradle.internal.dispatch.ReflectionDispatch.dispatch(ReflectionDispatch.java:36)
	at org.gradle.internal.dispatch.ReflectionDispatch.dispatch(ReflectionDispatch.java:24)
	at org.gradle.internal.dispatch.ContextClassLoaderDispatch.dispatch(ContextClassLoaderDispatch.java:33)
	at org.gradle.internal.dispatch.ProxyDispatchAdapter$DispatchingInvocationHandler.invoke(ProxyDispatchAdapter.java:94)
	at jdk.proxy1/jdk.proxy1.$Proxy2.processTestClass(Unknown Source)
	at org.gradle.api.internal.tasks.testing.worker.TestWorker$2.run(TestWorker.java:176)
	at org.gradle.api.internal.tasks.testing.worker.TestWorker.executeAndMaintainThreadName(TestWorker.java:129)
	at org.gradle.api.internal.tasks.testing.worker.TestWorker.execute(TestWorker.java:100)
	at org.gradle.api.internal.tasks.testing.worker.TestWorker.execute(TestWorker.java:60)
	at org.gradle.process.internal.worker.child.ActionExecutionWorker.execute(ActionExecutionWorker.java:56)
	at org.gradle.process.internal.worker.child.SystemApplicationClassLoaderWorker.call(SystemApplicationClassLoaderWorker.java:113)
	at org.gradle.process.internal.worker.child.SystemApplicationClassLoaderWorker.call(SystemApplicationClassLoaderWorker.java:65)
	at worker.org.gradle.process.internal.worker.GradleWorkerMain.run(GradleWorkerMain.java:69)
	at worker.org.gradle.process.internal.worker.GradleWorkerMain.main(GradleWorkerMain.java:74)
</pre>
</span>
</div>
</div>
<div id="tab1" class="tab">
<h2>Tests</h2>
<table>
<thead>
<tr>
<th>Test</th>
<th>Duration</th>
<th>Result</th>
</tr>
</thead>
<tr>
<td class="failures">start</td>
<td class="failures">13.075s</td>
<td class="failures">failed</td>
</tr>
</table>
</div>
<div id="tab2" class="tab">
<h2>Standard output</h2>
<span class="code">
<pre>?[1;31m
Start test 1?[0m
?[0;34m
?[0m?[0;34m  .   ____          _            __ _ _
?[0m?[0;34m /\\ / ___'_ __ _ _(_)_ __  __ _ \ \ \ \
?[0m?[0;34m( ( )\___ | '_ | '_| | '_ \/ _` | \ \ \ \
?[0m?[0;34m \\/  ___)| |_)| | | | | || (_| |  ) ) ) )
?[0m?[0;34m  '  |____| .__|_| |_|_| |_\__, | / / / /
?[0m?[0;34m =========|_|==============|___/=/_/_/_/
?[0m?[0;34m :: Spring Boot ::                (v3.0.2)
?[0m?[0;34m
?[0m?[0;34m2024-02-12T09:44:37.643+05:00  INFO 13244 --- [    Test worker] f.FitnessTrackerApplication              : Starting FitnessTrackerApplication using Java 17.0.9 with PID 13244 (started by User in D:\JetBrainsWork\Fitness Tracker API\Fitness Tracker API\task)
?[0m?[0;34m2024-02-12T09:44:37.652+05:00  INFO 13244 --- [    Test worker] f.FitnessTrackerApplication              : No active profile set, falling back to 1 default profile: &quot;default&quot;
?[0m?[0;34m2024-02-12T09:44:39.412+05:00  INFO 13244 --- [    Test worker] .s.d.r.c.RepositoryConfigurationDelegate : Bootstrapping Spring Data JPA repositories in DEFAULT mode.
?[0m?[0;34m2024-02-12T09:44:39.520+05:00  INFO 13244 --- [    Test worker] .s.d.r.c.RepositoryConfigurationDelegate : Finished Spring Data repository scanning in 93 ms. Found 3 JPA repository interfaces.
?[0m?[0;34m2024-02-12T09:44:40.596+05:00  INFO 13244 --- [    Test worker] o.s.b.w.embedded.tomcat.TomcatWebServer  : Tomcat initialized with port(s): 8080 (http)
?[0m?[0;34m2024-02-12T09:44:40.612+05:00  INFO 13244 --- [    Test worker] o.apache.catalina.core.StandardService   : Starting service [Tomcat]
?[0m?[0;34m2024-02-12T09:44:40.614+05:00  INFO 13244 --- [    Test worker] o.apache.catalina.core.StandardEngine    : Starting Servlet engine: [Apache Tomcat/10.1.5]
?[0m?[0;34m2024-02-12T09:44:40.788+05:00  INFO 13244 --- [    Test worker] o.a.c.c.C.[Tomcat].[localhost].[/]       : Initializing Spring embedded WebApplicationContext
?[0m?[0;34m2024-02-12T09:44:40.789+05:00  INFO 13244 --- [    Test worker] w.s.c.ServletWebServerApplicationContext : Root WebApplicationContext: initialization completed in 3060 ms
?[0m?[0;34m2024-02-12T09:44:40.989+05:00  INFO 13244 --- [    Test worker] com.zaxxer.hikari.HikariDataSource       : HikariPool-1 - Starting...
?[0m?[0;34m2024-02-12T09:44:41.356+05:00  INFO 13244 --- [    Test worker] com.zaxxer.hikari.pool.HikariPool        : HikariPool-1 - Added connection conn0: url=jdbc:h2:file:../fitness_db user=SA
?[0m?[0;34m2024-02-12T09:44:41.360+05:00  INFO 13244 --- [    Test worker] com.zaxxer.hikari.HikariDataSource       : HikariPool-1 - Start completed.
?[0m?[0;34m2024-02-12T09:44:41.383+05:00  INFO 13244 --- [    Test worker] o.s.b.a.h2.H2ConsoleAutoConfiguration    : H2 console available at '/h2-console'. Database available at 'jdbc:h2:file:../fitness_db'
?[0m?[0;34m2024-02-12T09:44:41.678+05:00  INFO 13244 --- [    Test worker] o.hibernate.jpa.internal.util.LogHelper  : HHH000204: Processing PersistenceUnitInfo [name: default]
?[0m?[0;34m2024-02-12T09:44:41.761+05:00  INFO 13244 --- [    Test worker] org.hibernate.Version                    : HHH000412: Hibernate ORM core version 6.1.6.Final
?[0m?[0;34m2024-02-12T09:44:42.086+05:00  WARN 13244 --- [    Test worker] org.hibernate.orm.deprecation            : HHH90000021: Encountered deprecated setting [javax.persistence.sharedCache.mode], use [jakarta.persistence.sharedCache.mode] instead
?[0m?[0;34m2024-02-12T09:44:42.315+05:00  INFO 13244 --- [    Test worker] SQL dialect                              : HHH000400: Using dialect: org.hibernate.dialect.H2Dialect
?[0m?[0;34m2024-02-12T09:44:44.282+05:00  INFO 13244 --- [    Test worker] o.h.e.t.j.p.i.JtaPlatformInitiator       : HHH000490: Using JtaPlatform implementation: [org.hibernate.engine.transaction.jta.platform.internal.NoJtaPlatform]
?[0m?[0;34m2024-02-12T09:44:44.300+05:00  INFO 13244 --- [    Test worker] j.LocalContainerEntityManagerFactoryBean : Initialized JPA EntityManagerFactory for persistence unit 'default'
?[0m?[0;34m2024-02-12T09:44:45.060+05:00  WARN 13244 --- [    Test worker] JpaBaseConfiguration$JpaWebConfiguration : spring.jpa.open-in-view is enabled by default. Therefore, database queries may be performed during view rendering. Explicitly configure spring.jpa.open-in-view to disable this warning
?[0m?[0;34m2024-02-12T09:44:45.819+05:00  INFO 13244 --- [    Test worker] o.s.b.a.e.web.EndpointLinksResolver      : Exposing 14 endpoint(s) beneath base path '/actuator'
?[0m?[0;34m2024-02-12T09:44:45.996+05:00  INFO 13244 --- [    Test worker] o.s.s.web.DefaultSecurityFilterChain     : Will secure any request with [org.springframework.security.web.session.DisableEncodeUrlFilter@209baf91, org.springframework.security.web.context.request.async.WebAsyncManagerIntegrationFilter@5e1d3188, org.springframework.security.web.context.SecurityContextHolderFilter@35e63d26, org.springframework.security.web.header.HeaderWriterFilter@14acc33e, org.springframework.security.web.authentication.logout.LogoutFilter@6f18445b, fitnesstracker.configs.ApiKeyAuthenticationFilter@5982255e, org.springframework.security.web.authentication.www.BasicAuthenticationFilter@4d6fa22c, org.springframework.security.web.savedrequest.RequestCacheAwareFilter@32be672d, org.springframework.security.web.servletapi.SecurityContextHolderAwareRequestFilter@23e54c8a, org.springframework.security.web.authentication.AnonymousAuthenticationFilter@7306836f, org.springframework.security.web.session.SessionManagementFilter@b3c7c75, org.springframework.security.web.access.ExceptionTranslationFilter@a23b96b, org.springframework.security.web.access.intercept.AuthorizationFilter@7200702]
?[0m?[0;34m2024-02-12T09:44:46.746+05:00  INFO 13244 --- [    Test worker] o.s.b.w.embedded.tomcat.TomcatWebServer  : Tomcat started on port(s): 8080 (http) with context path ''
?[0m?[0;34m2024-02-12T09:44:46.767+05:00  INFO 13244 --- [    Test worker] f.FitnessTrackerApplication              : Started FitnessTrackerApplication in 9.707 seconds (process running for 11.083)
?[0;34m2024-02-12T09:44:47.832+05:00  INFO 13244 --- [nio-8080-exec-1] o.a.c.c.C.[Tomcat].[localhost].[/]       : Initializing Spring DispatcherServlet 'dispatcherServlet'
?[0m?[0;34m2024-02-12T09:44:47.833+05:00  INFO 13244 --- [nio-8080-exec-1] o.s.web.servlet.DispatcherServlet        : Initializing Servlet 'dispatcherServlet'
?[0m?[0;34m2024-02-12T09:44:47.849+05:00  INFO 13244 --- [nio-8080-exec-1] o.s.web.servlet.DispatcherServlet        : Completed initialization in 14 ms
?[0m?[1;31m
Start test 2?[0m
?[1;31m
Start test 3?[0m
?[0;34m2024-02-12T09:44:48.819+05:00  WARN 13244 --- [nio-8080-exec-3] .w.s.m.s.DefaultHandlerExceptionResolver : Resolved [org.springframework.web.bind.MethodArgumentNotValidException: Validation failed for argument [0] in public org.springframework.http.ResponseEntity&lt;java.lang.Void&gt; fitnesstracker.developers.DeveloperController.signup(fitnesstracker.developers.DeveloperSignupDTO): [Field error in object 'developerSignupDTO' on field 'email': rejected value [null]; codes [NotBlank.developerSignupDTO.email,NotBlank.email,NotBlank.java.lang.String,NotBlank]; arguments [org.springframework.context.support.DefaultMessageSourceResolvable: codes [developerSignupDTO.email,email]; arguments []; default message [email]]; default message [Email cannot be empty]] ]
?[1;31m
Start test 4?[0m
?[0;34m2024-02-12T09:44:48.889+05:00  WARN 13244 --- [nio-8080-exec-4] .w.s.m.s.DefaultHandlerExceptionResolver : Resolved [org.springframework.web.bind.MethodArgumentNotValidException: Validation failed for argument [0] in public org.springframework.http.ResponseEntity&lt;java.lang.Void&gt; fitnesstracker.developers.DeveloperController.signup(fitnesstracker.developers.DeveloperSignupDTO): [Field error in object 'developerSignupDTO' on field 'email': rejected value []; codes [NotBlank.developerSignupDTO.email,NotBlank.email,NotBlank.java.lang.String,NotBlank]; arguments [org.springframework.context.support.DefaultMessageSourceResolvable: codes [developerSignupDTO.email,email]; arguments []; default message [email]]; default message [Email cannot be empty]] ]
?[1;31m
Start test 5?[0m
?[0;34m2024-02-12T09:44:48.909+05:00  WARN 13244 --- [nio-8080-exec-5] .w.s.m.s.DefaultHandlerExceptionResolver : Resolved [org.springframework.web.bind.MethodArgumentNotValidException: Validation failed for argument [0] in public org.springframework.http.ResponseEntity&lt;java.lang.Void&gt; fitnesstracker.developers.DeveloperController.signup(fitnesstracker.developers.DeveloperSignupDTO): [Field error in object 'developerSignupDTO' on field 'email': rejected value [email]; codes [Email.developerSignupDTO.email,Email.email,Email.java.lang.String,Email]; arguments [org.springframework.context.support.DefaultMessageSourceResolvable: codes [developerSignupDTO.email,email]; arguments []; default message [email],[Ljakarta.validation.constraints.Pattern$Flag;@28193874,.*]; default message [Invalid email format]] ]
?[1;31m
Start test 6?[0m
?[0;34m2024-02-12T09:44:48.937+05:00  WARN 13244 --- [nio-8080-exec-6] .w.s.m.s.DefaultHandlerExceptionResolver : Resolved [org.springframework.web.bind.MethodArgumentNotValidException: Validation failed for argument [0] in public org.springframework.http.ResponseEntity&lt;java.lang.Void&gt; fitnesstracker.developers.DeveloperController.signup(fitnesstracker.developers.DeveloperSignupDTO) with 2 errors: [Field error in object 'developerSignupDTO' on field 'email': rejected value [user-1707713088925]; codes [Email.developerSignupDTO.email,Email.email,Email.java.lang.String,Email]; arguments [org.springframework.context.support.DefaultMessageSourceResolvable: codes [developerSignupDTO.email,email]; arguments []; default message [email],[Ljakarta.validation.constraints.Pattern$Flag;@28193874,.*]; default message [Invalid email format]] [Field error in object 'developerSignupDTO' on field 'password': rejected value [null]; codes [NotBlank.developerSignupDTO.password,NotBlank.password,NotBlank.java.lang.String,NotBlank]; arguments [org.springframework.context.support.DefaultMessageSourceResolvable: codes [developerSignupDTO.password,password]; arguments []; default message [password]]; default message [Password cannot be blank]] ]
?[1;31m
Start test 7?[0m
?[0;34m2024-02-12T09:44:48.963+05:00  WARN 13244 --- [nio-8080-exec-7] .w.s.m.s.DefaultHandlerExceptionResolver : Resolved [org.springframework.web.bind.MethodArgumentNotValidException: Validation failed for argument [0] in public org.springframework.http.ResponseEntity&lt;java.lang.Void&gt; fitnesstracker.developers.DeveloperController.signup(fitnesstracker.developers.DeveloperSignupDTO) with 2 errors: [Field error in object 'developerSignupDTO' on field 'password': rejected value []; codes [NotBlank.developerSignupDTO.password,NotBlank.password,NotBlank.java.lang.String,NotBlank]; arguments [org.springframework.context.support.DefaultMessageSourceResolvable: codes [developerSignupDTO.password,password]; arguments []; default message [password]]; default message [Password cannot be blank]] [Field error in object 'developerSignupDTO' on field 'email': rejected value [user-1707713088952]; codes [Email.developerSignupDTO.email,Email.email,Email.java.lang.String,Email]; arguments [org.springframework.context.support.DefaultMessageSourceResolvable: codes [developerSignupDTO.email,email]; arguments []; default message [email],[Ljakarta.validation.constraints.Pattern$Flag;@28193874,.*]; default message [Invalid email format]] ]
?[1;31m
Start test 8?[0m
?[0;34m2024-02-12T09:44:49.075+05:00  WARN 13244 --- [nio-8080-exec-8] o.h.engine.jdbc.spi.SqlExceptionHelper   : SQL Error: 23505, SQLState: 23505
?[0m?[0;34m2024-02-12T09:44:49.076+05:00 ERROR 13244 --- [nio-8080-exec-8] o.h.engine.jdbc.spi.SqlExceptionHelper   : Unique index or primary key violation: &quot;PUBLIC.UK_CHMQ1WDFNHJTHXO65AFFWDNKY_INDEX_A ON PUBLIC.DEVELOPER(EMAIL NULLS FIRST) VALUES ( /* 1 */ 'alice@gmail.com' )&quot;; SQL statement:
?[0m?[0;34minsert into developer (id, email, password) values (default, ?, ?) [23505-214]
?[1;31m
Start test 9?[0m
</pre>
</span>
</div>
</div>
<div id="footer">
<p>
<div>
<label class="hidden" id="label-for-line-wrapping-toggle" for="line-wrapping-toggle">Wrap lines
<input id="line-wrapping-toggle" type="checkbox" autocomplete="off"/>
</label>
</div>Generated by 
<a href="http://www.gradle.org">Gradle 7.6</a> at Feb 12, 2024, 9:44:50 AM</p>
</div>
</div>
</body>
</html>
